{"name": "test_droplist", "status": "failed", "statusDetails": {"message": "AssertionError", "trace": "hover_select_page = <pages.hover_select_page.HoverSelectPage object at 0x000002DF01E79C70>\n\n    def test_droplist(hover_select_page):\n>       hover_select_page.open_list()\n\ntest_hover_select_page.py:5: \n_ _ _ _ _ _ _ _ _ _ _ _ _ _ _ _ _ _ _ _ _ _ _ _ _ _ _ _ _ _ _ _ _ _ _ _ _ _ _ _\n..\\pages\\hover_select_page.py:19: in open_list\n    self.assert_visibility(self._is_visible(self.LIST_ITEM))\n_ _ _ _ _ _ _ _ _ _ _ _ _ _ _ _ _ _ _ _ _ _ _ _ _ _ _ _ _ _ _ _ _ _ _ _ _ _ _ _\n\nelement = <selenium.webdriver.remote.webelement.WebElement (session=\"1719addb4f9362ab6461857e677cf3ac\", element=\"E42F95170AD7511DEC17C1C22FFF834F_element_11\")>\n\n    @staticmethod\n    def assert_visibility(element):\n>       assert element is True\nE       AssertionError\n\n..\\support\\assertions.py:11: AssertionError"}, "attachments": [{"name": "log", "source": "1af597a3-2f3c-495c-ad29-ce3afd80a839-attachment.txt", "type": "text/plain"}], "start": 1708180124654, "stop": 1708180125017, "uuid": "7542ef38-ba10-402e-9c7a-094f007508e9", "historyId": "e492b064d32f91693ce641deb70c731c", "testCaseId": "e492b064d32f91693ce641deb70c731c", "fullName": "tests.test_hover_select_page#test_droplist", "labels": [{"name": "parentSuite", "value": "tests"}, {"name": "suite", "value": "test_hover_select_page"}, {"name": "host", "value": "DESKTOP-EU8NHV5"}, {"name": "thread", "value": "11036-MainThread"}, {"name": "framework", "value": "pytest"}, {"name": "language", "value": "cpython3"}, {"name": "package", "value": "tests.test_hover_select_page"}]}