{"name": "test_droplist", "status": "failed", "statusDetails": {"message": "AssertionError", "trace": "hover_select_page = <pages.hover_select_page.HoverSelectPage object at 0x000001EEDFE798E0>\n\n    def test_droplist(hover_select_page):\n>       hover_select_page.open_list()\n\ntest_hover_select_page.py:5: \n_ _ _ _ _ _ _ _ _ _ _ _ _ _ _ _ _ _ _ _ _ _ _ _ _ _ _ _ _ _ _ _ _ _ _ _ _ _ _ _\n..\\pages\\hover_select_page.py:19: in open_list\n    self.assert_visibility(result)\n_ _ _ _ _ _ _ _ _ _ _ _ _ _ _ _ _ _ _ _ _ _ _ _ _ _ _ _ _ _ _ _ _ _ _ _ _ _ _ _\n\nelement = <selenium.webdriver.remote.webelement.WebElement (session=\"bd17a708ec71d5d798abf57a0b373a78\", element=\"B484F02DAD63E95636CCB007FBCCE572_element_11\")>\n\n    @staticmethod\n    def assert_visibility(element):\n>       assert element is True\nE       AssertionError\n\n..\\support\\assertions.py:11: AssertionError"}, "attachments": [{"name": "log", "source": "330124d9-ccc3-4611-a6f5-c1cd8c3f374b-attachment.txt", "type": "text/plain"}], "start": 1708180047745, "stop": 1708180048104, "uuid": "c0409c77-dc92-4bd3-9c7f-3f814233c7d1", "historyId": "e492b064d32f91693ce641deb70c731c", "testCaseId": "e492b064d32f91693ce641deb70c731c", "fullName": "tests.test_hover_select_page#test_droplist", "labels": [{"name": "parentSuite", "value": "tests"}, {"name": "suite", "value": "test_hover_select_page"}, {"name": "host", "value": "DESKTOP-EU8NHV5"}, {"name": "thread", "value": "3648-MainThread"}, {"name": "framework", "value": "pytest"}, {"name": "language", "value": "cpython3"}, {"name": "package", "value": "tests.test_hover_select_page"}]}